2025-10-29 12:16:24,158 [INFO] DiagnosticadorSistema: Iniciando diagnóstico completo del sistema - 20251029_121624
2025-10-29 12:16:24,162 [INFO] DiagnosticadorSistema: === VERIFICACIÓN DE PREREQUISITOS ===
2025-10-29 12:16:24,163 [INFO] DiagnosticadorSistema: ✓ Directorio entrada_bruta existe
2025-10-29 12:16:24,168 [INFO] DiagnosticadorSistema: ✓ Directorio procesado existe
2025-10-29 12:16:24,173 [INFO] DiagnosticadorSistema: ✓ Directorio logs_sistema existe
2025-10-29 12:16:24,175 [INFO] DiagnosticadorSistema: ✓ Directorio configuracion existe
2025-10-29 12:16:24,184 [INFO] DiagnosticadorSistema: ✓ Archivo de configuración encontrado
2025-10-29 12:16:24,192 [INFO] DiagnosticadorSistema: ✓ Encontrados 24 archivos de texto en entrada_bruta
2025-10-29 12:16:24,207 [INFO] DiagnosticadorSistema: === VERIFICACIÓN COMPLETA DEL SISTEMA ===
2025-10-29 12:16:24,214 [INFO] DiagnosticadorSistema: ✓ Verificación del sistema completada exitosamente
2025-10-29 12:16:24,227 [INFO] DiagnosticadorSistema: === EJECUCIÓN DEL SISTEMA PRINCIPAL ===
2025-10-29 12:16:24,331 [DEBUG] neo4j.pool: [#0000]  _: <POOL> created, direct address IPv4Address(('192.168.1.37', 7687))
2025-10-29 12:16:24,331 [DEBUG] neo4j: [#0000]  _: <WORKSPACE> routing towards fixed database: yo_estructural
2025-10-29 12:16:24,335 [DEBUG] neo4j: [#0000]  _: <WORKSPACE> pinning database: 'yo_estructural'
2025-10-29 12:16:24,337 [DEBUG] neo4j.pool: [#0000]  _: <POOL> acquire direct connection, access_mode='WRITE', database=AcquisitionDatabase(name='yo_estructural', guessed=False)
2025-10-29 12:16:24,339 [DEBUG] neo4j.pool: [#0000]  _: <POOL> trying to hand out new connection
2025-10-29 12:16:24,340 [DEBUG] neo4j.io: [#0000]  _: <RESOLVE> in: 192.168.1.37:7687
2025-10-29 12:16:24,398 [DEBUG] neo4j.io: [#0000]  _: <RESOLVE> dns resolver out: 192.168.1.37:7687
2025-10-29 12:16:24,402 [DEBUG] neo4j.io: [#0000]  C: <OPEN> 192.168.1.37:7687
2025-10-29 12:16:24,431 [DEBUG] neo4j.io: [#F1F5]  C: <MAGIC> 0x6060B017
2025-10-29 12:16:24,437 [DEBUG] neo4j.io: [#F1F5]  C: <HANDSHAKE> 0x000001FF 0x00080805 0x00020404 0x00000003
2025-10-29 12:16:34,891 [DEBUG] neo4j.io: [#F1F5]  S: <HANDSHAKE> 0x00000305
2025-10-29 12:16:34,893 [DEBUG] neo4j.io: [#F1F5]  C: HELLO {'user_agent': 'neo4j-python/6.0.2 Python/3.14.0-final-0 (win32)', 'bolt_agent': {'product': 'neo4j-python/6.0.2', 'platform': 'Windows 10; AMD64', 'language': 'Python/3.14.0-final-0', 'language_details': 'CPython; 3.14.0-final-0 (tags/v3.14.0:ebf955d, Oct  7 2025 10:15:03) [MSC v.1944 64 bit (AMD64)]'}}
2025-10-29 12:16:34,895 [DEBUG] neo4j.io: [#F1F5]  _: <CONNECTION> client state: CONNECTED > AUTHENTICATION
2025-10-29 12:16:34,897 [DEBUG] neo4j.io: [#F1F5]  C: LOGON {'scheme': 'basic', 'principal': 'neo4j', 'credentials': '*******'}
2025-10-29 12:16:34,899 [DEBUG] neo4j.io: [#F1F5]  _: <CONNECTION> client state: AUTHENTICATION > READY
2025-10-29 12:16:35,567 [DEBUG] neo4j.io: [#F1F5]  S: SUCCESS {'server': 'Neo4j/5.12.0', 'connection_id': 'bolt-63', 'hints': {'connection.recv_timeout_seconds': 120}}
2025-10-29 12:16:35,568 [DEBUG] neo4j.io: [#F1F5]  _: <CONNECTION> server state: CONNECTED > AUTHENTICATION
2025-10-29 12:16:44,552 [DEBUG] neo4j.io: [#F1F5]  S: SUCCESS {}
2025-10-29 12:16:44,553 [DEBUG] neo4j.io: [#F1F5]  _: <CONNECTION> server state: AUTHENTICATION > READY
2025-10-29 12:16:44,560 [DEBUG] neo4j.io: [#F1F5]  C: RUN 'RETURN 1 AS num' {} {'db': 'yo_estructural'}
2025-10-29 12:16:44,560 [DEBUG] neo4j.io: [#F1F5]  _: <CONNECTION> client state: READY > STREAMING
2025-10-29 12:16:44,562 [DEBUG] neo4j.io: [#F1F5]  C: PULL {'n': 1000}
2025-10-29 12:17:06,795 [DEBUG] neo4j.io: [#F1F5]  S: FAILURE {'code': 'Neo.ClientError.Database.DatabaseNotFound', 'message': "Database does not exist. Database name: 'yo_estructural'."}
2025-10-29 12:17:06,796 [DEBUG] neo4j.io: [#F1F5]  C: RESET
2025-10-29 12:17:06,802 [DEBUG] neo4j.io: [#F1F5]  _: <CONNECTION> client state: STREAMING > READY
2025-10-29 12:17:06,836 [DEBUG] neo4j.io: [#F1F5]  S: IGNORED
2025-10-29 12:17:06,877 [DEBUG] neo4j.io: [#F1F5]  S: SUCCESS {}
2025-10-29 12:17:06,885 [DEBUG] neo4j.io: [#F1F5]  _: <CONNECTION> server state: FAILED > READY
2025-10-29 12:17:06,887 [DEBUG] neo4j.pool: [#F1F5]  _: <POOL> released bolt-63
2025-10-29 12:17:06,888 [ERROR] Neo4jConnection: Error al verificar conexión a Neo4j: {neo4j_code: Neo.ClientError.Database.DatabaseNotFound} {message: Database does not exist. Database name: 'yo_estructural'.} {gql_status: 50N42} {gql_status_description: error: general processing exception - unexpected error. Database does not exist. Database name: 'yo_estructural'.}
2025-10-29 12:17:06,891 [INFO] Neo4jConnection: Conexión a Neo4j establecida exitosamente: bolt://192.168.1.37:7687
2025-10-29 12:17:06,978 [INFO] SistemaFenomenologico: Sistema inicializado con configuración cargada
2025-10-29 12:17:06,979 [INFO] DiagnosticadorSistema: Sistema inicializado correctamente
2025-10-29 12:17:06,983 [INFO] SistemaFenomenologico: Iniciando flujo completo del sistema
2025-10-29 12:17:07,083 [INFO] SistemaFenomenologico: Generadas 10 preinstancias desde análisis
2025-10-29 12:17:07,085 [INFO] SistemaFenomenologico: Generadas 10 preinstancias
2025-10-29 12:17:07,088 [INFO] SistemaFenomenologico: Creadas 10 instancias de existencia
2025-10-29 12:17:07,090 [INFO] SistemaFenomenologico: Creadas 10 instancias de existencia
2025-10-29 12:17:07,093 [INFO] SistemaFenomenologico: Evaluando necesidad de activación MDCE
2025-10-29 12:17:07,101 [INFO] SistemaFenomenologico: Analizando contradicciones de 4º orden
2025-10-29 12:17:07,110 [INFO] SistemaFenomenologico: No se detectaron contradicciones de 4º orden
2025-10-29 12:17:07,122 [INFO] SistemaFenomenologico: Calculando gradientes para 10 instancias
2025-10-29 12:17:07,147 [INFO] SistemaFenomenologico: Gradientes relacionales calculados exitosamente
2025-10-29 12:17:07,157 [INFO] SistemaFenomenologico: Iniciando detección de vohexistencias para 10 instancias
2025-10-29 12:17:07,172 [INFO] SistemaFenomenologico: Detectadas 0 vohexistencias
2025-10-29 12:17:07,181 [DEBUG] neo4j: [#0000]  _: <WORKSPACE> routing towards fixed database: None
2025-10-29 12:17:07,182 [DEBUG] neo4j: [#0000]  _: <WORKSPACE> pinning database: None
2025-10-29 12:17:07,184 [DEBUG] neo4j.pool: [#0000]  _: <POOL> acquire direct connection, access_mode='WRITE', database=AcquisitionDatabase(name=None, guessed=False)
2025-10-29 12:17:07,185 [DEBUG] neo4j.pool: [#F1F5]  _: <POOL> picked existing connection bolt-63
2025-10-29 12:17:07,189 [DEBUG] neo4j.pool: [#F1F5]  _: <POOL> checked re_auth auth=None updated=False force=False
2025-10-29 12:17:07,192 [DEBUG] neo4j.pool: [#F1F5]  _: <POOL> handing out existing connection
2025-10-29 12:17:07,203 [DEBUG] neo4j.io: [#F1F5]  C: RUN '\n                        MERGE (y:YO {id: $id})\n                        SET y.tipo = $tipo,\n                            y.activacion = $activacion,\n                            y.timestamp = $timestamp,\n                            y.version = $version,\n                            y.coherencia_narrativa = $coherencia_narrativa,\n                            y.estabilidad_contextual = $estabilidad_contextual,\n                            y.integracion_afectiva = $integracion_afectiva\n                    ' {'id': 'yo_0', 'tipo': 'YO_NARRATIVO', 'activacion': 1.0, 'timestamp': '2025-10-29T12:17:07.178658', 'version': 0, 'continuidad': 0.0, 'consistencia': 0.0, 'coherencia_afectiva': 0.5, 'coherencia_total': 0.0} {}
2025-10-29 12:17:07,204 [DEBUG] neo4j.io: [#F1F5]  _: <CONNECTION> client state: READY > STREAMING
2025-10-29 12:17:07,205 [DEBUG] neo4j.io: [#F1F5]  C: PULL {'n': 1000}
2025-10-29 12:17:36,115 [DEBUG] neo4j.io: [#F1F5]  S: FAILURE {'code': 'Neo.ClientError.Statement.ParameterMissing', 'message': 'Expected parameter(s): coherencia_narrativa, estabilidad_contextual, integracion_afectiva'}
2025-10-29 12:18:49,958 [DEBUG] neo4j.io: [#F1F5]  C: RESET
2025-10-29 12:18:49,969 [DEBUG] neo4j.io: [#F1F5]  _: <CONNECTION> client state: STREAMING > READY
2025-10-29 12:18:49,975 [DEBUG] neo4j.io: [#F1F5]  S: IGNORED
2025-10-29 12:18:49,985 [ERROR] neo4j.io: [#F1F5]  _: <CONNECTION> error: Failed to read from defunct connection IPv4Address(('192.168.1.37', 7687)) (ResolvedIPv4Address(('192.168.1.37', 7687))): OSError('No data')
2025-10-29 12:18:49,992 [DEBUG] neo4j.io: [#F1F5]  C: <CLOSE>
2025-10-29 12:18:50,006 [DEBUG] neo4j.pool: [#F1F5]  _: <POOL> released bolt-63
2025-10-29 12:18:50,015 [ERROR] DiagnosticadorSistema: ✗ Error en ejecución del sistema: 'SistemaYoEmergente' object has no attribute 'logger'
2025-10-29 12:18:50,065 [ERROR] DiagnosticadorSistema: Traceback (most recent call last):
  File "C:\Users\Public\#...Raíz Dasein\YO estructural\motor_yo\sistema_yo_emergente.py", line 404, in sincronizar_con_neo4j
    session.run("""
    ~~~~~~~~~~~^^^^
        MERGE (y:YO {id: $id})
        ^^^^^^^^^^^^^^^^^^^^^^
    ...<13 lines>...
        **self._analizar_coherencia_narrativa()
        ^^^^^^^^^^^^^^^^^^^^^^^^^^^^^^^^^^^^^^^
    )
    ^
  File "C:\Python314\Lib\site-packages\neo4j\_sync\work\session.py", line 320, in run
    self._auto_result._run(
    ~~~~~~~~~~~~~~~~~~~~~~^
        query,
        ^^^^^^
    ...<6 lines>...
        self._config.notifications_disabled_classifications,
        ^^^^^^^^^^^^^^^^^^^^^^^^^^^^^^^^^^^^^^^^^^^^^^^^^^^^
    )
    ^
  File "C:\Python314\Lib\site-packages\neo4j\_sync\work\result.py", line 237, in _run
    self._attach()
    ~~~~~~~~~~~~^^
  File "C:\Python314\Lib\site-packages\neo4j\_sync\work\result.py", line 439, in _attach
    self._connection.fetch_message()
    ~~~~~~~~~~~~~~~~~~~~~~~~~~~~~~^^
  File "C:\Python314\Lib\site-packages\neo4j\_sync\io\_common.py", line 192, in inner
    func(*args, **kwargs)
    ~~~~^^^^^^^^^^^^^^^^^
  File "C:\Python314\Lib\site-packages\neo4j\_sync\io\_bolt.py", line 866, in fetch_message
    res = self._process_message(tag, fields)
  File "C:\Python314\Lib\site-packages\neo4j\_sync\io\_bolt5.py", line 496, in _process_message
    response.on_failure(summary_metadata or {})
    ~~~~~~~~~~~~~~~~~~~^^^^^^^^^^^^^^^^^^^^^^^^
  File "C:\Python314\Lib\site-packages\neo4j\_sync\io\_common.py", line 262, in on_failure
    raise self._hydrate_error(metadata)
neo4j.exceptions.ClientError: {neo4j_code: Neo.ClientError.Statement.ParameterMissing} {message: Expected parameter(s): coherencia_narrativa, estabilidad_contextual, integracion_afectiva} {gql_status: 50N42} {gql_status_description: error: general processing exception - unexpected error. Expected parameter(s): coherencia_narrativa, estabilidad_contextual, integracion_afectiva}

During handling of the above exception, another exception occurred:

Traceback (most recent call last):
  File "C:\Users\Public\#...Raíz Dasein\YO estructural\verificar.py", line 126, in ejecutar_sistema_principal
    resultado = sistema.procesar_flujo_completo('entrada_bruta')
  File "C:\Users\Public\#...Raíz Dasein\YO estructural\sistema_principal_v2.py", line 185, in procesar_flujo_completo
    emergencia_detectada = self.motor_yo.evaluar_emergencia(contextos_activos, fenomenos_activos)
  File "C:\Users\Public\#...Raíz Dasein\YO estructural\motor_yo\sistema_yo_emergente.py", line 551, in evaluar_emergencia
    contradicciones = self.detectar_contradicciones()
  File "C:\Users\Public\#...Raíz Dasein\YO estructural\motor_yo\sistema_yo_emergente.py", line 255, in detectar_contradicciones
    return self.evaluar_contradicciones(self.estado_actual.__dict__)
           ~~~~~~~~~~~~~~~~~~~~~~~~~~~~^^^^^^^^^^^^^^^^^^^^^^^^^^^^^
  File "C:\Users\Public\#...Raíz Dasein\YO estructural\motor_yo\sistema_yo_emergente.py", line 529, in evaluar_contradicciones
    self.sincronizar_con_neo4j()
    ~~~~~~~~~~~~~~~~~~~~~~~~~~^^
  File "C:\Users\Public\#...Raíz Dasein\YO estructural\motor_yo\sistema_yo_emergente.py", line 482, in sincronizar_con_neo4j
    self.logger.warning(f"Error al sincronizar con Neo4j (intento {retry_count}/{max_retry}): {str(e)}")
    ^^^^^^^^^^^
AttributeError: 'SistemaYoEmergente' object has no attribute 'logger'

2025-10-29 12:18:50,275 [DEBUG] neo4j.pool: [#0000]  _: <POOL> close
2025-10-29 12:18:50,285 [INFO] Neo4jConnection: Conexión a Neo4j cerrada correctamente
